producer_class	xtools.gsea.GseaPreranked
producer_timestamp	1650367498590
param	rpt_label	GSEA_NTRK_oncogenes_2
param	rnd_seed	timestamp
param	set_min	15
param	chip	ftp.broadinstitute.org://pub/gsea/annotations_versioned/Human_Gene_Symbol_with_Remapping_MSigDB.v7.5.chip
param	zip_report	false
param	create_svgs	false
param	scoring_scheme	weighted
param	rnk	/Users/aliciapliego/Projects/FMI_RNAseq/NTRK/project/DE_genes2.rnk
param	norm	meandiv
param	out	/Users/aliciapliego/Projects/FMI_RNAseq/NTRK
param	mode	Max_probe
param	include_only_symbols	true
param	help	false
param	set_max	500
param	gmx	ftp.broadinstitute.org://pub/gsea/gene_sets/c6.all.v7.5.symbols.gmt
param	make_sets	true
param	plot_top_x	20
param	gui	false
param	nperm	1000
param	collapse	No_Collapse

file	/Users/aliciapliego/Projects/FMI_RNAseq/NTRK/GSEA_NTRK_oncogenes_2.GseaPreranked.1650367498590/index.html
